<?xml version="1.0" encoding="UTF-8"?>
<testng-results ignored="0" total="1" passed="1" failed="0" skipped="0">
  <reporter-output>
  </reporter-output>
  <suite started-at="2025-07-17T22:55:07 IST" name="Default suite" finished-at="2025-07-17T22:55:15 IST" duration-ms="7897">
    <groups>
    </groups>
    <test started-at="2025-07-17T22:55:07 IST" name="Default test" finished-at="2025-07-17T22:55:15 IST" duration-ms="7897">
      <class name="ParentOfAllProject.SeleniumFrameworkDesign.PageObject.SubmitOrderTest">
        <test-method is-config="true" signature="launchApplication()[pri:0, instance:ParentOfAllProject.SeleniumFrameworkDesign.PageObject.SubmitOrderTest@22555ebf]" started-at="2025-07-17T22:55:07 IST" name="launchApplication" finished-at="2025-07-17T22:55:10 IST" duration-ms="3199" status="PASS">
          <reporter-output>
          </reporter-output>
        </test-method> <!-- launchApplication -->
        <test-method signature="submitOrder()[pri:0, instance:ParentOfAllProject.SeleniumFrameworkDesign.PageObject.SubmitOrderTest@22555ebf]" started-at="2025-07-17T22:55:10 IST" name="submitOrder" finished-at="2025-07-17T22:55:15 IST" duration-ms="4447" status="PASS">
          <reporter-output>
          </reporter-output>
        </test-method> <!-- submitOrder -->
        <test-method is-config="true" signature="tearDown()[pri:0, instance:ParentOfAllProject.SeleniumFrameworkDesign.PageObject.SubmitOrderTest@22555ebf]" started-at="2025-07-17T22:55:15 IST" name="tearDown" finished-at="2025-07-17T22:55:15 IST" duration-ms="206" status="PASS">
          <reporter-output>
          </reporter-output>
        </test-method> <!-- tearDown -->
      </class> <!-- ParentOfAllProject.SeleniumFrameworkDesign.PageObject.SubmitOrderTest -->
    </test> <!-- Default test -->
  </suite> <!-- Default suite -->
</testng-results>
